<?xml version="1.0" encoding="UTF-8"?>
<!-- Generated by org.testng.reporters.JUnitReportReporter -->
<testsuite hostname="LTIN269428" failures="0" tests="10" name="project.truTime" time="108.840" errors="0" timestamp="2024-02-08T21:14:27 IST" skipped="0">
  <testcase classname="project.truTime" name="beCog" time="10.368"/>
  <system-out/>
  <testcase classname="project.truTime" name="captureUserInfo" time="47.084"/>
  <system-out/>
  <testcase classname="project.truTime" name="oneCvalidation" time="3.598"/>
  <system-out/>
  <testcase classname="project.truTime" name="nvgTru" time="15.208"/>
  <system-out/>
  <testcase classname="project.truTime" name="dateWeekValidation" time="0.033"/>
  <system-out/>
  <testcase classname="project.truTime" name="dateCheck" time="30.447"/>
  <system-out/>
  <testcase classname="project.truTime" name="valiDate" time="0.105"/>
  <system-out/>
  <testcase classname="project.truTime" name="MonthYearVal" time="0.088"/>
  <system-out/>
  <testcase classname="project.truTime" name="Legends" time="0.665"/>
  <system-out/>
  <testcase classname="project.truTime" name="close" time="1.244"/>
  <system-out/>
</testsuite> <!-- project.truTime -->
